c:\users\braian\source\repos\programacionii\guia poo\modeloexamen\x64\debug\vc143.pdb
c:\users\braian\source\repos\programacionii\guia poo\modeloexamen\x64\debug\vc143.idb
c:\users\braian\source\repos\programacionii\guia poo\modeloexamen\x64\debug\serviciomesa.obj
c:\users\braian\source\repos\programacionii\guia poo\modeloexamen\x64\debug\modeloexamen.obj
c:\users\braian\source\repos\programacionii\guia poo\modeloexamen\x64\debug\fecha.obj
c:\users\braian\source\repos\programacionii\guia poo\modeloexamen\x64\debug\examen.obj
c:\users\braian\source\repos\programacionii\guia poo\modeloexamen\x64\debug\archivoserviciomesa.obj
c:\users\braian\source\repos\programacionii\guia poo\modeloexamen\x64\debug\main.obj
c:\users\braian\source\repos\programacionii\guia poo\x64\debug\modeloexamen.exe
c:\users\braian\source\repos\programacionii\guia poo\x64\debug\modeloexamen.pdb
c:\users\braian\source\repos\programacionii\guia poo\modeloexamen\x64\debug\modeloexamen.ilk
c:\users\braian\source\repos\programacionii\guia poo\modeloexamen\x64\debug\examen.obj.enc
c:\users\braian\source\repos\programacionii\guia poo\modeloexamen\x64\debug\modeloexamen.tlog\cl.command.1.tlog
c:\users\braian\source\repos\programacionii\guia poo\modeloexamen\x64\debug\modeloexamen.tlog\cl.items.tlog
c:\users\braian\source\repos\programacionii\guia poo\modeloexamen\x64\debug\modeloexamen.tlog\cl.read.1.tlog
c:\users\braian\source\repos\programacionii\guia poo\modeloexamen\x64\debug\modeloexamen.tlog\cl.write.1.tlog
c:\users\braian\source\repos\programacionii\guia poo\modeloexamen\x64\debug\modeloexamen.tlog\link.command.1.tlog
c:\users\braian\source\repos\programacionii\guia poo\modeloexamen\x64\debug\modeloexamen.tlog\link.read.1.tlog
c:\users\braian\source\repos\programacionii\guia poo\modeloexamen\x64\debug\modeloexamen.tlog\link.secondary.1.tlog
c:\users\braian\source\repos\programacionii\guia poo\modeloexamen\x64\debug\modeloexamen.tlog\link.write.1.tlog
