c:\users\braian\source\repos\programacionii\proyectofinal\proyectofinal\proyectofinal\x64\debug\vc143.pdb
c:\users\braian\source\repos\programacionii\proyectofinal\proyectofinal\proyectofinal\x64\debug\vc143.idb
c:\users\braian\source\repos\programacionii\proyectofinal\proyectofinal\proyectofinal\x64\debug\vendedorarchivo.obj
c:\users\braian\source\repos\programacionii\proyectofinal\proyectofinal\proyectofinal\x64\debug\validaciones.obj
c:\users\braian\source\repos\programacionii\proyectofinal\proyectofinal\proyectofinal\x64\debug\puntoderetiroarchivo.obj
c:\users\braian\source\repos\programacionii\proyectofinal\proyectofinal\proyectofinal\x64\debug\puntoderetiro.obj
c:\users\braian\source\repos\programacionii\proyectofinal\proyectofinal\proyectofinal\x64\debug\proyectofinal.obj
c:\users\braian\source\repos\programacionii\proyectofinal\proyectofinal\proyectofinal\x64\debug\formadepago.obj
c:\users\braian\source\repos\programacionii\proyectofinal\proyectofinal\proyectofinal\x64\debug\fecha.obj
c:\users\braian\source\repos\programacionii\proyectofinal\proyectofinal\proyectofinal\x64\debug\detallefactura.obj
c:\users\braian\source\repos\programacionii\proyectofinal\proyectofinal\proyectofinal\x64\debug\vendedor.obj
c:\users\braian\source\repos\programacionii\proyectofinal\proyectofinal\proyectofinal\x64\debug\sistemagestion.obj
c:\users\braian\source\repos\programacionii\proyectofinal\proyectofinal\proyectofinal\x64\debug\autoarchivo.obj
c:\users\braian\source\repos\programacionii\proyectofinal\proyectofinal\proyectofinal\x64\debug\persona.obj
c:\users\braian\source\repos\programacionii\proyectofinal\proyectofinal\proyectofinal\x64\debug\formadepagoarchivo.obj
c:\users\braian\source\repos\programacionii\proyectofinal\proyectofinal\proyectofinal\x64\debug\facturaarchivo.obj
c:\users\braian\source\repos\programacionii\proyectofinal\proyectofinal\proyectofinal\x64\debug\auto.obj
c:\users\braian\source\repos\programacionii\proyectofinal\proyectofinal\proyectofinal\x64\debug\cliente.obj
c:\users\braian\source\repos\programacionii\proyectofinal\proyectofinal\proyectofinal\x64\debug\cabecerafactura.obj
c:\users\braian\source\repos\programacionii\proyectofinal\proyectofinal\proyectofinal\x64\debug\clientearchivo.obj
c:\users\braian\source\repos\programacionii\proyectofinal\proyectofinal\x64\debug\proyectofinal.pdb
c:\users\braian\source\repos\programacionii\proyectofinal\proyectofinal\proyectofinal\x64\debug\proyectofinal.tlog\cl.command.1.tlog
c:\users\braian\source\repos\programacionii\proyectofinal\proyectofinal\proyectofinal\x64\debug\proyectofinal.tlog\cl.read.1.tlog
c:\users\braian\source\repos\programacionii\proyectofinal\proyectofinal\proyectofinal\x64\debug\proyectofinal.tlog\cl.write.1.tlog
c:\users\braian\source\repos\programacionii\proyectofinal\proyectofinal\proyectofinal\x64\debug\proyectofinal.tlog\link-cvtres.read.1.tlog
c:\users\braian\source\repos\programacionii\proyectofinal\proyectofinal\proyectofinal\x64\debug\proyectofinal.tlog\link-cvtres.write.1.tlog
c:\users\braian\source\repos\programacionii\proyectofinal\proyectofinal\proyectofinal\x64\debug\proyectofinal.tlog\link-rc.read.1.tlog
c:\users\braian\source\repos\programacionii\proyectofinal\proyectofinal\proyectofinal\x64\debug\proyectofinal.tlog\link-rc.write.1.tlog
c:\users\braian\source\repos\programacionii\proyectofinal\proyectofinal\proyectofinal\x64\debug\proyectofinal.tlog\link.command.1.tlog
c:\users\braian\source\repos\programacionii\proyectofinal\proyectofinal\proyectofinal\x64\debug\proyectofinal.tlog\link.read.1.tlog
c:\users\braian\source\repos\programacionii\proyectofinal\proyectofinal\proyectofinal\x64\debug\proyectofinal.tlog\link.read.2.tlog
c:\users\braian\source\repos\programacionii\proyectofinal\proyectofinal\proyectofinal\x64\debug\proyectofinal.tlog\link.write.1.tlog
