c:\users\braian\source\repos\programacionii\proyectofinal\ejemplo\ejemplo\x64\debug\vc143.pdb
c:\users\braian\source\repos\programacionii\proyectofinal\ejemplo\ejemplo\x64\debug\vc143.idb
c:\users\braian\source\repos\programacionii\proyectofinal\ejemplo\ejemplo\x64\debug\detallefactura.obj
c:\users\braian\source\repos\programacionii\proyectofinal\ejemplo\ejemplo\x64\debug\clsvendedor.obj
c:\users\braian\source\repos\programacionii\proyectofinal\ejemplo\ejemplo\x64\debug\clspersona.obj
c:\users\braian\source\repos\programacionii\proyectofinal\ejemplo\ejemplo\x64\debug\clsfecha.obj
c:\users\braian\source\repos\programacionii\proyectofinal\ejemplo\ejemplo\x64\debug\clsauto.obj
c:\users\braian\source\repos\programacionii\proyectofinal\ejemplo\ejemplo\x64\debug\clientearchivo.obj
c:\users\braian\source\repos\programacionii\proyectofinal\ejemplo\ejemplo\x64\debug\cliente.obj
c:\users\braian\source\repos\programacionii\proyectofinal\ejemplo\ejemplo\x64\debug\cabecerafactura.obj
c:\users\braian\source\repos\programacionii\proyectofinal\ejemplo\ejemplo\x64\debug\archivoautos.obj
c:\users\braian\source\repos\programacionii\proyectofinal\ejemplo\ejemplo\x64\debug\main.obj
c:\users\braian\source\repos\programacionii\proyectofinal\ejemplo\x64\debug\ejemplo.exe
c:\users\braian\source\repos\programacionii\proyectofinal\ejemplo\x64\debug\ejemplo.pdb
c:\users\braian\source\repos\programacionii\proyectofinal\ejemplo\ejemplo\x64\debug\ejemplo.ilk
c:\users\braian\source\repos\programacionii\proyectofinal\ejemplo\ejemplo\x64\debug\ejemplo.tlog\cl.command.1.tlog
c:\users\braian\source\repos\programacionii\proyectofinal\ejemplo\ejemplo\x64\debug\ejemplo.tlog\cl.items.tlog
c:\users\braian\source\repos\programacionii\proyectofinal\ejemplo\ejemplo\x64\debug\ejemplo.tlog\cl.read.1.tlog
c:\users\braian\source\repos\programacionii\proyectofinal\ejemplo\ejemplo\x64\debug\ejemplo.tlog\cl.write.1.tlog
c:\users\braian\source\repos\programacionii\proyectofinal\ejemplo\ejemplo\x64\debug\ejemplo.tlog\link.command.1.tlog
c:\users\braian\source\repos\programacionii\proyectofinal\ejemplo\ejemplo\x64\debug\ejemplo.tlog\link.read.1.tlog
c:\users\braian\source\repos\programacionii\proyectofinal\ejemplo\ejemplo\x64\debug\ejemplo.tlog\link.secondary.1.tlog
c:\users\braian\source\repos\programacionii\proyectofinal\ejemplo\ejemplo\x64\debug\ejemplo.tlog\link.write.1.tlog
